Determining if the pthread_create exist failed with the following output:
Change Dir: /home/dino/nursing_care_ws/build/CMakeFiles/CMakeTmp

Run Build Command:"/usr/bin/make" "cmTC_4383d/fast"
/usr/bin/make -f CMakeFiles/cmTC_4383d.dir/build.make CMakeFiles/cmTC_4383d.dir/build
make[1]: Entering directory '/home/dino/nursing_care_ws/build/CMakeFiles/CMakeTmp'
Building C object CMakeFiles/cmTC_4383d.dir/CheckSymbolExists.c.o
/usr/bin/cc     -o CMakeFiles/cmTC_4383d.dir/CheckSymbolExists.c.o   -c /home/dino/nursing_care_ws/build/CMakeFiles/CMakeTmp/CheckSymbolExists.c
Linking C executable cmTC_4383d
/usr/bin/cmake -E cmake_link_script CMakeFiles/cmTC_4383d.dir/link.txt --verbose=1
/usr/bin/cc       CMakeFiles/cmTC_4383d.dir/CheckSymbolExists.c.o  -o cmTC_4383d -rdynamic 
CMakeFiles/cmTC_4383d.dir/CheckSymbolExists.c.o: 於函式 main:
CheckSymbolExists.c:(.text+0x16): 未定義參考到「pthread_create」
collect2: error: ld returned 1 exit status
CMakeFiles/cmTC_4383d.dir/build.make:97: recipe for target 'cmTC_4383d' failed
make[1]: *** [cmTC_4383d] Error 1
make[1]: Leaving directory '/home/dino/nursing_care_ws/build/CMakeFiles/CMakeTmp'
Makefile:126: recipe for target 'cmTC_4383d/fast' failed
make: *** [cmTC_4383d/fast] Error 2

File /home/dino/nursing_care_ws/build/CMakeFiles/CMakeTmp/CheckSymbolExists.c:
/* */
#include <pthread.h>

int main(int argc, char** argv)
{
  (void)argv;
#ifndef pthread_create
  return ((int*)(&pthread_create))[argc];
#else
  (void)argc;
  return 0;
#endif
}

Determining if the function pthread_create exists in the pthreads failed with the following output:
Change Dir: /home/dino/nursing_care_ws/build/CMakeFiles/CMakeTmp

Run Build Command:"/usr/bin/make" "cmTC_73211/fast"
/usr/bin/make -f CMakeFiles/cmTC_73211.dir/build.make CMakeFiles/cmTC_73211.dir/build
make[1]: Entering directory '/home/dino/nursing_care_ws/build/CMakeFiles/CMakeTmp'
Building C object CMakeFiles/cmTC_73211.dir/CheckFunctionExists.c.o
/usr/bin/cc    -DCHECK_FUNCTION_EXISTS=pthread_create   -o CMakeFiles/cmTC_73211.dir/CheckFunctionExists.c.o   -c /usr/share/cmake-3.5/Modules/CheckFunctionExists.c
Linking C executable cmTC_73211
/usr/bin/cmake -E cmake_link_script CMakeFiles/cmTC_73211.dir/link.txt --verbose=1
/usr/bin/cc   -DCHECK_FUNCTION_EXISTS=pthread_create    CMakeFiles/cmTC_73211.dir/CheckFunctionExists.c.o  -o cmTC_73211 -rdynamic -lpthreads 
/usr/bin/ld: 找不到 -lpthreads
collect2: error: ld returned 1 exit status
CMakeFiles/cmTC_73211.dir/build.make:97: recipe for target 'cmTC_73211' failed
make[1]: *** [cmTC_73211] Error 1
make[1]: Leaving directory '/home/dino/nursing_care_ws/build/CMakeFiles/CMakeTmp'
Makefile:126: recipe for target 'cmTC_73211/fast' failed
make: *** [cmTC_73211/fast] Error 2


